
*** Running vivado
    with args -log xbip_dsp48_macro_0.vds -m64 -product Vivado -mode batch -messageDb vivado.pb -notrace -source xbip_dsp48_macro_0.tcl


****** Vivado v2017.4 (64-bit)
  **** SW Build 2086221 on Fri Dec 15 20:55:39 MST 2017
  **** IP Build 2085800 on Fri Dec 15 22:25:07 MST 2017
    ** Copyright 1986-2017 Xilinx, Inc. All Rights Reserved.

source xbip_dsp48_macro_0.tcl -notrace
Command: synth_design -top xbip_dsp48_macro_0 -part xc7z035ffg676-2 -mode out_of_context
Starting synth_design
Attempting to get a license for feature 'Synthesis' and/or device 'xc7z035'
INFO: [Common 17-349] Got license for feature 'Synthesis' and/or device 'xc7z035'
INFO: Launching helper process for spawning children vivado processes
INFO: Helper process launched with PID 26064 
---------------------------------------------------------------------------------
Starting RTL Elaboration : Time (s): cpu = 00:00:06 ; elapsed = 00:00:06 . Memory (MB): peak = 406.980 ; gain = 103.109
---------------------------------------------------------------------------------
INFO: [Synth 8-638] synthesizing module 'xbip_dsp48_macro_0' [d:/TH/2026au/FPGA/The-World-Fastest-CNN-Using-FPGA/PE/PE.srcs/sources_1/ip/xbip_dsp48_macro_0/synth/xbip_dsp48_macro_0.vhd:69]
	Parameter C_VERBOSITY bound to: 0 - type: integer 
	Parameter C_MODEL_TYPE bound to: 0 - type: integer 
	Parameter C_XDEVICEFAMILY bound to: zynq - type: string 
	Parameter C_HAS_CE bound to: 0 - type: integer 
	Parameter C_HAS_INDEP_CE bound to: 0 - type: integer 
	Parameter C_HAS_CED bound to: 0 - type: integer 
	Parameter C_HAS_CEA bound to: 0 - type: integer 
	Parameter C_HAS_CEB bound to: 0 - type: integer 
	Parameter C_HAS_CEC bound to: 0 - type: integer 
	Parameter C_HAS_CECONCAT bound to: 0 - type: integer 
	Parameter C_HAS_CEM bound to: 0 - type: integer 
	Parameter C_HAS_CEP bound to: 0 - type: integer 
	Parameter C_HAS_CESEL bound to: 0 - type: integer 
	Parameter C_HAS_SCLR bound to: 0 - type: integer 
	Parameter C_HAS_INDEP_SCLR bound to: 0 - type: integer 
	Parameter C_HAS_SCLRD bound to: 0 - type: integer 
	Parameter C_HAS_SCLRA bound to: 0 - type: integer 
	Parameter C_HAS_SCLRB bound to: 0 - type: integer 
	Parameter C_HAS_SCLRC bound to: 0 - type: integer 
	Parameter C_HAS_SCLRM bound to: 0 - type: integer 
	Parameter C_HAS_SCLRP bound to: 0 - type: integer 
	Parameter C_HAS_SCLRCONCAT bound to: 0 - type: integer 
	Parameter C_HAS_SCLRSEL bound to: 0 - type: integer 
	Parameter C_HAS_CARRYCASCIN bound to: 0 - type: integer 
	Parameter C_HAS_CARRYIN bound to: 0 - type: integer 
	Parameter C_HAS_ACIN bound to: 0 - type: integer 
	Parameter C_HAS_BCIN bound to: 0 - type: integer 
	Parameter C_HAS_PCIN bound to: 0 - type: integer 
	Parameter C_HAS_A bound to: 1 - type: integer 
	Parameter C_HAS_B bound to: 1 - type: integer 
	Parameter C_HAS_D bound to: 0 - type: integer 
	Parameter C_HAS_CONCAT bound to: 0 - type: integer 
	Parameter C_HAS_C bound to: 1 - type: integer 
	Parameter C_A_WIDTH bound to: 8 - type: integer 
	Parameter C_B_WIDTH bound to: 8 - type: integer 
	Parameter C_C_WIDTH bound to: 32 - type: integer 
	Parameter C_D_WIDTH bound to: 18 - type: integer 
	Parameter C_CONCAT_WIDTH bound to: 48 - type: integer 
	Parameter C_P_MSB bound to: 32 - type: integer 
	Parameter C_P_LSB bound to: 1 - type: integer 
	Parameter C_SEL_WIDTH bound to: 0 - type: integer 
	Parameter C_HAS_ACOUT bound to: 0 - type: integer 
	Parameter C_HAS_BCOUT bound to: 0 - type: integer 
	Parameter C_HAS_CARRYCASCOUT bound to: 0 - type: integer 
	Parameter C_HAS_CARRYOUT bound to: 0 - type: integer 
	Parameter C_HAS_PCOUT bound to: 0 - type: integer 
	Parameter C_CONSTANT_1 bound to: 1 - type: integer 
	Parameter C_LATENCY bound to: -1 - type: integer 
	Parameter C_OPMODES bound to: 000000000011010100000000 - type: string 
	Parameter C_REG_CONFIG bound to: 00000000000011100011100011000100 - type: string 
	Parameter C_TEST_CORE bound to: 0 - type: integer 
INFO: [Synth 8-3491] module 'xbip_dsp48_macro_v3_0_15' declared at 'd:/TH/2026au/FPGA/The-World-Fastest-CNN-Using-FPGA/PE/PE.srcs/sources_1/ip/xbip_dsp48_macro_0/hdl/xbip_dsp48_macro_v3_0_vh_rfs.vhd:5013' bound to instance 'U0' of component 'xbip_dsp48_macro_v3_0_15' [d:/TH/2026au/FPGA/The-World-Fastest-CNN-Using-FPGA/PE/PE.srcs/sources_1/ip/xbip_dsp48_macro_0/synth/xbip_dsp48_macro_0.vhd:209]
INFO: [Synth 8-256] done synthesizing module 'xbip_dsp48_macro_0' (6#1) [d:/TH/2026au/FPGA/The-World-Fastest-CNN-Using-FPGA/PE/PE.srcs/sources_1/ip/xbip_dsp48_macro_0/synth/xbip_dsp48_macro_0.vhd:69]
WARNING: [Synth 8-3331] design xbip_dsp48e1_wrapper_v3_0 has unconnected port CE
WARNING: [Synth 8-3331] design xbip_dsp48e1_wrapper_v3_0 has unconnected port SCLR
WARNING: [Synth 8-3331] design xbip_dsp48e1_wrapper_v3_0 has unconnected port CEAD
WARNING: [Synth 8-3331] design xbip_dsp48e1_wrapper_v3_0 has unconnected port CED
WARNING: [Synth 8-3331] design xbip_dsp48e1_wrapper_v3_0 has unconnected port SCLRD
WARNING: [Synth 8-3331] design xbip_pipe_v3_0_4_viv__parameterized2 has unconnected port CE
WARNING: [Synth 8-3331] design xbip_pipe_v3_0_4_viv__parameterized2 has unconnected port SCLR
WARNING: [Synth 8-3331] design xbip_pipe_v3_0_4_viv__parameterized2 has unconnected port SSET
WARNING: [Synth 8-3331] design xbip_pipe_v3_0_4_viv__parameterized2 has unconnected port SINIT
WARNING: [Synth 8-3331] design xbip_pipe_v3_0_4_viv__parameterized1 has unconnected port CLK
WARNING: [Synth 8-3331] design xbip_pipe_v3_0_4_viv__parameterized1 has unconnected port CE
WARNING: [Synth 8-3331] design xbip_pipe_v3_0_4_viv__parameterized1 has unconnected port SCLR
WARNING: [Synth 8-3331] design xbip_pipe_v3_0_4_viv__parameterized1 has unconnected port SSET
WARNING: [Synth 8-3331] design xbip_pipe_v3_0_4_viv__parameterized1 has unconnected port SINIT
WARNING: [Synth 8-3331] design xbip_pipe_v3_0_4_viv has unconnected port CLK
WARNING: [Synth 8-3331] design xbip_pipe_v3_0_4_viv has unconnected port CE
WARNING: [Synth 8-3331] design xbip_pipe_v3_0_4_viv has unconnected port SCLR
WARNING: [Synth 8-3331] design xbip_pipe_v3_0_4_viv has unconnected port SSET
WARNING: [Synth 8-3331] design xbip_pipe_v3_0_4_viv has unconnected port SINIT
WARNING: [Synth 8-3331] design xbip_pipe_v3_0_4_viv__parameterized7 has unconnected port CE
WARNING: [Synth 8-3331] design xbip_pipe_v3_0_4_viv__parameterized7 has unconnected port SCLR
WARNING: [Synth 8-3331] design xbip_pipe_v3_0_4_viv__parameterized7 has unconnected port SSET
WARNING: [Synth 8-3331] design xbip_pipe_v3_0_4_viv__parameterized7 has unconnected port SINIT
WARNING: [Synth 8-3331] design xbip_pipe_v3_0_4_viv__parameterized6 has unconnected port CLK
WARNING: [Synth 8-3331] design xbip_pipe_v3_0_4_viv__parameterized6 has unconnected port CE
WARNING: [Synth 8-3331] design xbip_pipe_v3_0_4_viv__parameterized6 has unconnected port SCLR
WARNING: [Synth 8-3331] design xbip_pipe_v3_0_4_viv__parameterized6 has unconnected port SSET
WARNING: [Synth 8-3331] design xbip_pipe_v3_0_4_viv__parameterized6 has unconnected port SINIT
WARNING: [Synth 8-3331] design xbip_pipe_v3_0_4_viv__parameterized5 has unconnected port CE
WARNING: [Synth 8-3331] design xbip_pipe_v3_0_4_viv__parameterized5 has unconnected port SCLR
WARNING: [Synth 8-3331] design xbip_pipe_v3_0_4_viv__parameterized5 has unconnected port SSET
WARNING: [Synth 8-3331] design xbip_pipe_v3_0_4_viv__parameterized5 has unconnected port SINIT
WARNING: [Synth 8-3331] design xbip_pipe_v3_0_4_viv__parameterized4 has unconnected port CLK
WARNING: [Synth 8-3331] design xbip_pipe_v3_0_4_viv__parameterized4 has unconnected port CE
WARNING: [Synth 8-3331] design xbip_pipe_v3_0_4_viv__parameterized4 has unconnected port SCLR
WARNING: [Synth 8-3331] design xbip_pipe_v3_0_4_viv__parameterized4 has unconnected port SSET
WARNING: [Synth 8-3331] design xbip_pipe_v3_0_4_viv__parameterized4 has unconnected port SINIT
WARNING: [Synth 8-3331] design xbip_pipe_v3_0_4_viv__parameterized3 has unconnected port CE
WARNING: [Synth 8-3331] design xbip_pipe_v3_0_4_viv__parameterized3 has unconnected port SCLR
WARNING: [Synth 8-3331] design xbip_pipe_v3_0_4_viv__parameterized3 has unconnected port SSET
WARNING: [Synth 8-3331] design xbip_pipe_v3_0_4_viv__parameterized3 has unconnected port SINIT
WARNING: [Synth 8-3331] design xbip_pipe_v3_0_4_viv__parameterized0 has unconnected port CLK
WARNING: [Synth 8-3331] design xbip_pipe_v3_0_4_viv__parameterized0 has unconnected port CE
WARNING: [Synth 8-3331] design xbip_pipe_v3_0_4_viv__parameterized0 has unconnected port SCLR
WARNING: [Synth 8-3331] design xbip_pipe_v3_0_4_viv__parameterized0 has unconnected port SSET
WARNING: [Synth 8-3331] design xbip_pipe_v3_0_4_viv__parameterized0 has unconnected port SINIT
WARNING: [Synth 8-3331] design xbip_dsp48_macro_synth has unconnected port CE
WARNING: [Synth 8-3331] design xbip_dsp48_macro_synth has unconnected port SCLR
WARNING: [Synth 8-3331] design xbip_dsp48_macro_synth has unconnected port SEL[0]
WARNING: [Synth 8-3331] design xbip_dsp48_macro_synth has unconnected port D[17]
WARNING: [Synth 8-3331] design xbip_dsp48_macro_synth has unconnected port D[16]
WARNING: [Synth 8-3331] design xbip_dsp48_macro_synth has unconnected port D[15]
WARNING: [Synth 8-3331] design xbip_dsp48_macro_synth has unconnected port D[14]
WARNING: [Synth 8-3331] design xbip_dsp48_macro_synth has unconnected port D[13]
WARNING: [Synth 8-3331] design xbip_dsp48_macro_synth has unconnected port D[12]
WARNING: [Synth 8-3331] design xbip_dsp48_macro_synth has unconnected port D[11]
WARNING: [Synth 8-3331] design xbip_dsp48_macro_synth has unconnected port D[10]
WARNING: [Synth 8-3331] design xbip_dsp48_macro_synth has unconnected port D[9]
WARNING: [Synth 8-3331] design xbip_dsp48_macro_synth has unconnected port D[8]
WARNING: [Synth 8-3331] design xbip_dsp48_macro_synth has unconnected port D[7]
WARNING: [Synth 8-3331] design xbip_dsp48_macro_synth has unconnected port D[6]
WARNING: [Synth 8-3331] design xbip_dsp48_macro_synth has unconnected port D[5]
WARNING: [Synth 8-3331] design xbip_dsp48_macro_synth has unconnected port D[4]
WARNING: [Synth 8-3331] design xbip_dsp48_macro_synth has unconnected port D[3]
WARNING: [Synth 8-3331] design xbip_dsp48_macro_synth has unconnected port D[2]
WARNING: [Synth 8-3331] design xbip_dsp48_macro_synth has unconnected port D[1]
WARNING: [Synth 8-3331] design xbip_dsp48_macro_synth has unconnected port D[0]
WARNING: [Synth 8-3331] design xbip_dsp48_macro_synth has unconnected port CONCAT[47]
WARNING: [Synth 8-3331] design xbip_dsp48_macro_synth has unconnected port CONCAT[46]
WARNING: [Synth 8-3331] design xbip_dsp48_macro_synth has unconnected port CONCAT[45]
WARNING: [Synth 8-3331] design xbip_dsp48_macro_synth has unconnected port CONCAT[44]
WARNING: [Synth 8-3331] design xbip_dsp48_macro_synth has unconnected port CONCAT[43]
WARNING: [Synth 8-3331] design xbip_dsp48_macro_synth has unconnected port CONCAT[42]
WARNING: [Synth 8-3331] design xbip_dsp48_macro_synth has unconnected port CONCAT[41]
WARNING: [Synth 8-3331] design xbip_dsp48_macro_synth has unconnected port CONCAT[40]
WARNING: [Synth 8-3331] design xbip_dsp48_macro_synth has unconnected port CONCAT[39]
WARNING: [Synth 8-3331] design xbip_dsp48_macro_synth has unconnected port CONCAT[38]
WARNING: [Synth 8-3331] design xbip_dsp48_macro_synth has unconnected port CONCAT[37]
WARNING: [Synth 8-3331] design xbip_dsp48_macro_synth has unconnected port CONCAT[36]
WARNING: [Synth 8-3331] design xbip_dsp48_macro_synth has unconnected port CONCAT[35]
WARNING: [Synth 8-3331] design xbip_dsp48_macro_synth has unconnected port CONCAT[34]
WARNING: [Synth 8-3331] design xbip_dsp48_macro_synth has unconnected port CONCAT[33]
WARNING: [Synth 8-3331] design xbip_dsp48_macro_synth has unconnected port CONCAT[32]
WARNING: [Synth 8-3331] design xbip_dsp48_macro_synth has unconnected port CONCAT[31]
WARNING: [Synth 8-3331] design xbip_dsp48_macro_synth has unconnected port CONCAT[30]
WARNING: [Synth 8-3331] design xbip_dsp48_macro_synth has unconnected port CONCAT[29]
WARNING: [Synth 8-3331] design xbip_dsp48_macro_synth has unconnected port CONCAT[28]
WARNING: [Synth 8-3331] design xbip_dsp48_macro_synth has unconnected port CONCAT[27]
WARNING: [Synth 8-3331] design xbip_dsp48_macro_synth has unconnected port CONCAT[26]
WARNING: [Synth 8-3331] design xbip_dsp48_macro_synth has unconnected port CONCAT[25]
WARNING: [Synth 8-3331] design xbip_dsp48_macro_synth has unconnected port CONCAT[24]
WARNING: [Synth 8-3331] design xbip_dsp48_macro_synth has unconnected port CONCAT[23]
WARNING: [Synth 8-3331] design xbip_dsp48_macro_synth has unconnected port CONCAT[22]
WARNING: [Synth 8-3331] design xbip_dsp48_macro_synth has unconnected port CONCAT[21]
WARNING: [Synth 8-3331] design xbip_dsp48_macro_synth has unconnected port CONCAT[20]
WARNING: [Synth 8-3331] design xbip_dsp48_macro_synth has unconnected port CONCAT[19]
WARNING: [Synth 8-3331] design xbip_dsp48_macro_synth has unconnected port CONCAT[18]
WARNING: [Synth 8-3331] design xbip_dsp48_macro_synth has unconnected port CONCAT[17]
WARNING: [Synth 8-3331] design xbip_dsp48_macro_synth has unconnected port CONCAT[16]
WARNING: [Synth 8-3331] design xbip_dsp48_macro_synth has unconnected port CONCAT[15]
INFO: [Common 17-14] Message 'Synth 8-3331' appears 100 times and further instances of the messages will be disabled. Use the Tcl command set_msg_config to change the current settings.
---------------------------------------------------------------------------------
Finished RTL Elaboration : Time (s): cpu = 00:00:07 ; elapsed = 00:00:08 . Memory (MB): peak = 464.816 ; gain = 160.945
---------------------------------------------------------------------------------

Report Check Netlist: 
+------+------------------+-------+---------+-------+------------------+
|      |Item              |Errors |Warnings |Status |Description       |
+------+------------------+-------+---------+-------+------------------+
|1     |multi_driven_nets |      0|        0|Passed |Multi driven nets |
+------+------------------+-------+---------+-------+------------------+
---------------------------------------------------------------------------------
Finished RTL Optimization Phase 1 : Time (s): cpu = 00:00:07 ; elapsed = 00:00:08 . Memory (MB): peak = 464.816 ; gain = 160.945
---------------------------------------------------------------------------------
INFO: [Netlist 29-17] Analyzing 1 Unisim elements for replacement
INFO: [Netlist 29-28] Unisim Transformation completed in 0 CPU seconds
INFO: [Device 21-403] Loading part xc7z035ffg676-2
INFO: [Project 1-570] Preparing netlist for logic optimization

Processing XDC Constraints
Initializing timing engine
Parsing XDC File [d:/TH/2026au/FPGA/The-World-Fastest-CNN-Using-FPGA/PE/PE.srcs/sources_1/ip/xbip_dsp48_macro_0/xbip_dsp48_macro_0_ooc.xdc] for cell 'U0'
Finished Parsing XDC File [d:/TH/2026au/FPGA/The-World-Fastest-CNN-Using-FPGA/PE/PE.srcs/sources_1/ip/xbip_dsp48_macro_0/xbip_dsp48_macro_0_ooc.xdc] for cell 'U0'
Parsing XDC File [D:/TH/2026au/FPGA/The-World-Fastest-CNN-Using-FPGA/PE/PE.runs/xbip_dsp48_macro_0_synth_1/dont_touch.xdc]
Finished Parsing XDC File [D:/TH/2026au/FPGA/The-World-Fastest-CNN-Using-FPGA/PE/PE.runs/xbip_dsp48_macro_0_synth_1/dont_touch.xdc]
Completed Processing XDC Constraints

INFO: [Project 1-111] Unisim Transformation Summary:
No Unisim elements were transformed.

Constraint Validation Runtime : Time (s): cpu = 00:00:00 ; elapsed = 00:00:00.012 . Memory (MB): peak = 801.875 ; gain = 0.000
---------------------------------------------------------------------------------
Finished Constraint Validation : Time (s): cpu = 00:00:18 ; elapsed = 00:00:19 . Memory (MB): peak = 801.875 ; gain = 498.004
---------------------------------------------------------------------------------
---------------------------------------------------------------------------------
Start Loading Part and Timing Information
---------------------------------------------------------------------------------
Loading part: xc7z035ffg676-2
---------------------------------------------------------------------------------
Finished Loading Part and Timing Information : Time (s): cpu = 00:00:18 ; elapsed = 00:00:19 . Memory (MB): peak = 801.875 ; gain = 498.004
---------------------------------------------------------------------------------
---------------------------------------------------------------------------------
Start Applying 'set_property' XDC Constraints
---------------------------------------------------------------------------------
Applied set_property DONT_TOUCH = true for U0. (constraint file  D:/TH/2026au/FPGA/The-World-Fastest-CNN-Using-FPGA/PE/PE.runs/xbip_dsp48_macro_0_synth_1/dont_touch.xdc, line 9).
---------------------------------------------------------------------------------
Finished applying 'set_property' XDC Constraints : Time (s): cpu = 00:00:18 ; elapsed = 00:00:19 . Memory (MB): peak = 801.875 ; gain = 498.004
---------------------------------------------------------------------------------
---------------------------------------------------------------------------------
Finished RTL Optimization Phase 2 : Time (s): cpu = 00:00:18 ; elapsed = 00:00:19 . Memory (MB): peak = 801.875 ; gain = 498.004
---------------------------------------------------------------------------------
INFO: [Synth 8-223] decloning instance 'U0/i_synth/i_synth_option.i_synth_model/i_a2' (xbip_pipe_v3_0_4_viv) to 'U0/i_synth/i_synth_option.i_synth_model/i_has_a.i_a1'
INFO: [Synth 8-223] decloning instance 'U0/i_synth/i_synth_option.i_synth_model/i_op1' (xbip_pipe_v3_0_4_viv__parameterized4) to 'U0/i_synth/i_synth_option.i_synth_model/i_op2'
INFO: [Synth 8-223] decloning instance 'U0/i_synth/i_synth_option.i_synth_model/i_carryin1' (xbip_pipe_v3_0_4_viv__parameterized6) to 'U0/i_synth/i_synth_option.i_synth_model/i_carryin2'
INFO: [Synth 8-223] decloning instance 'U0/i_synth/i_synth_option.i_synth_model/i_has_c.i_c1' (xbip_pipe_v3_0_4_viv__parameterized1) to 'U0/i_synth/i_synth_option.i_synth_model/i_has_c.i_c2'

Report RTL Partitions: 
+-+--------------+------------+----------+
| |RTL Partition |Replication |Instances |
+-+--------------+------------+----------+
+-+--------------+------------+----------+
---------------------------------------------------------------------------------
Start RTL Component Statistics 
---------------------------------------------------------------------------------
---------------------------------------------------------------------------------
Finished RTL Component Statistics 
---------------------------------------------------------------------------------
---------------------------------------------------------------------------------
Start RTL Hierarchical Component Statistics 
---------------------------------------------------------------------------------
---------------------------------------------------------------------------------
Finished RTL Hierarchical Component Statistics
---------------------------------------------------------------------------------
---------------------------------------------------------------------------------
Start Part Resource Summary
---------------------------------------------------------------------------------
Part Resources:
DSPs: 900 (col length:140)
BRAMs: 1000 (col length: RAMB18 140 RAMB36 70)
---------------------------------------------------------------------------------
Finished Part Resource Summary
---------------------------------------------------------------------------------
---------------------------------------------------------------------------------
Start Cross Boundary and Area Optimization
---------------------------------------------------------------------------------
---------------------------------------------------------------------------------
Finished Cross Boundary and Area Optimization : Time (s): cpu = 00:00:18 ; elapsed = 00:00:20 . Memory (MB): peak = 801.875 ; gain = 498.004
---------------------------------------------------------------------------------

Report RTL Partitions: 
+-+--------------+------------+----------+
| |RTL Partition |Replication |Instances |
+-+--------------+------------+----------+
+-+--------------+------------+----------+
---------------------------------------------------------------------------------
Start Applying XDC Timing Constraints
---------------------------------------------------------------------------------
---------------------------------------------------------------------------------
Finished Applying XDC Timing Constraints : Time (s): cpu = 00:00:27 ; elapsed = 00:00:29 . Memory (MB): peak = 912.141 ; gain = 608.270
---------------------------------------------------------------------------------
---------------------------------------------------------------------------------
Start Timing Optimization
---------------------------------------------------------------------------------
---------------------------------------------------------------------------------
Finished Timing Optimization : Time (s): cpu = 00:00:27 ; elapsed = 00:00:29 . Memory (MB): peak = 912.512 ; gain = 608.641
---------------------------------------------------------------------------------

Report RTL Partitions: 
+-+--------------+------------+----------+
| |RTL Partition |Replication |Instances |
+-+--------------+------------+----------+
+-+--------------+------------+----------+
---------------------------------------------------------------------------------
Start Technology Mapping
---------------------------------------------------------------------------------
---------------------------------------------------------------------------------
Finished Technology Mapping : Time (s): cpu = 00:00:27 ; elapsed = 00:00:29 . Memory (MB): peak = 932.480 ; gain = 628.609
---------------------------------------------------------------------------------

Report RTL Partitions: 
+-+--------------+------------+----------+
| |RTL Partition |Replication |Instances |
+-+--------------+------------+----------+
+-+--------------+------------+----------+
---------------------------------------------------------------------------------
Start IO Insertion
---------------------------------------------------------------------------------
---------------------------------------------------------------------------------
Start Flattening Before IO Insertion
---------------------------------------------------------------------------------
---------------------------------------------------------------------------------
Finished Flattening Before IO Insertion
---------------------------------------------------------------------------------
---------------------------------------------------------------------------------
Start Final Netlist Cleanup
---------------------------------------------------------------------------------
---------------------------------------------------------------------------------
Finished Final Netlist Cleanup
---------------------------------------------------------------------------------
---------------------------------------------------------------------------------
Finished IO Insertion : Time (s): cpu = 00:00:28 ; elapsed = 00:00:30 . Memory (MB): peak = 932.480 ; gain = 628.609
---------------------------------------------------------------------------------

Report Check Netlist: 
+------+------------------+-------+---------+-------+------------------+
|      |Item              |Errors |Warnings |Status |Description       |
+------+------------------+-------+---------+-------+------------------+
|1     |multi_driven_nets |      0|        0|Passed |Multi driven nets |
+------+------------------+-------+---------+-------+------------------+
---------------------------------------------------------------------------------
Start Renaming Generated Instances
---------------------------------------------------------------------------------
---------------------------------------------------------------------------------
Finished Renaming Generated Instances : Time (s): cpu = 00:00:28 ; elapsed = 00:00:30 . Memory (MB): peak = 932.480 ; gain = 628.609
---------------------------------------------------------------------------------

Report RTL Partitions: 
+-+--------------+------------+----------+
| |RTL Partition |Replication |Instances |
+-+--------------+------------+----------+
+-+--------------+------------+----------+
---------------------------------------------------------------------------------
Start Rebuilding User Hierarchy
---------------------------------------------------------------------------------
---------------------------------------------------------------------------------
Finished Rebuilding User Hierarchy : Time (s): cpu = 00:00:28 ; elapsed = 00:00:30 . Memory (MB): peak = 932.480 ; gain = 628.609
---------------------------------------------------------------------------------
---------------------------------------------------------------------------------
Start Renaming Generated Ports
---------------------------------------------------------------------------------
---------------------------------------------------------------------------------
Finished Renaming Generated Ports : Time (s): cpu = 00:00:28 ; elapsed = 00:00:30 . Memory (MB): peak = 932.480 ; gain = 628.609
---------------------------------------------------------------------------------
---------------------------------------------------------------------------------
Start Handling Custom Attributes
---------------------------------------------------------------------------------
---------------------------------------------------------------------------------
Finished Handling Custom Attributes : Time (s): cpu = 00:00:28 ; elapsed = 00:00:30 . Memory (MB): peak = 932.480 ; gain = 628.609
---------------------------------------------------------------------------------
---------------------------------------------------------------------------------
Start Renaming Generated Nets
---------------------------------------------------------------------------------
---------------------------------------------------------------------------------
Finished Renaming Generated Nets : Time (s): cpu = 00:00:28 ; elapsed = 00:00:30 . Memory (MB): peak = 932.480 ; gain = 628.609
---------------------------------------------------------------------------------
---------------------------------------------------------------------------------
Start Writing Synthesis Report
---------------------------------------------------------------------------------

Report BlackBoxes: 
+-+--------------+----------+
| |BlackBox name |Instances |
+-+--------------+----------+
+-+--------------+----------+

Report Cell Usage: 
+------+--------+------+
|      |Cell    |Count |
+------+--------+------+
|1     |DSP48E1 |     1|
|2     |LUT2    |    32|
|3     |LUT3    |     1|
|4     |FDRE    |   130|
+------+--------+------+
---------------------------------------------------------------------------------
Finished Writing Synthesis Report : Time (s): cpu = 00:00:28 ; elapsed = 00:00:30 . Memory (MB): peak = 932.480 ; gain = 628.609
---------------------------------------------------------------------------------
Synthesis finished with 0 errors, 0 critical warnings and 109 warnings.
Synthesis Optimization Runtime : Time (s): cpu = 00:00:15 ; elapsed = 00:00:24 . Memory (MB): peak = 932.480 ; gain = 291.551
Synthesis Optimization Complete : Time (s): cpu = 00:00:28 ; elapsed = 00:00:30 . Memory (MB): peak = 932.480 ; gain = 628.609
INFO: [Project 1-571] Translating synthesized netlist
INFO: [Netlist 29-17] Analyzing 1 Unisim elements for replacement
INFO: [Netlist 29-28] Unisim Transformation completed in 0 CPU seconds
INFO: [Project 1-570] Preparing netlist for logic optimization
INFO: [Opt 31-138] Pushed 0 inverter(s) to 0 load pin(s).
INFO: [Project 1-111] Unisim Transformation Summary:
No Unisim elements were transformed.

INFO: [Common 17-83] Releasing license: Synthesis
21 Infos, 100 Warnings, 0 Critical Warnings and 0 Errors encountered.
synth_design completed successfully
synth_design: Time (s): cpu = 00:00:31 ; elapsed = 00:00:33 . Memory (MB): peak = 932.480 ; gain = 640.109
INFO: [Common 17-1381] The checkpoint 'D:/TH/2026au/FPGA/The-World-Fastest-CNN-Using-FPGA/PE/PE.runs/xbip_dsp48_macro_0_synth_1/xbip_dsp48_macro_0.dcp' has been generated.
INFO: [Coretcl 2-1482] Added synthesis output to IP cache for IP d:/TH/2026au/FPGA/The-World-Fastest-CNN-Using-FPGA/PE/PE.srcs/sources_1/ip/xbip_dsp48_macro_0/xbip_dsp48_macro_0.xci
INFO: [Coretcl 2-1174] Renamed 10 cell refs.
INFO: [Common 17-1381] The checkpoint 'D:/TH/2026au/FPGA/The-World-Fastest-CNN-Using-FPGA/PE/PE.runs/xbip_dsp48_macro_0_synth_1/xbip_dsp48_macro_0.dcp' has been generated.
INFO: [runtcl-4] Executing : report_utilization -file xbip_dsp48_macro_0_utilization_synth.rpt -pb xbip_dsp48_macro_0_utilization_synth.pb
report_utilization: Time (s): cpu = 00:00:01 ; elapsed = 00:00:00.117 . Memory (MB): peak = 932.480 ; gain = 0.000
INFO: [Common 17-206] Exiting Vivado at Mon Dec 15 15:45:06 2025...
