Vivado Simulator 2017.4
Copyright 1986-1999, 2001-2016 Xilinx, Inc. All Rights Reserved.
Running: C:/Xilinx/Vivado/2017.4/bin/unwrapped/win64.o/xelab.exe -wto 982c81d1eeaa475585488f51ce157e42 --incr --debug typical --relax --mt 2 -L xil_defaultlib -L unisims_ver -L unimacro_ver -L secureip --snapshot tb_pe_array_os_behav xil_defaultlib.tb_pe_array_os xil_defaultlib.glbl -log elaborate.log 
Using 2 slave threads.
Starting static elaboration
Completed static elaboration
Starting simulation data flow analysis
WARNING: [XSIM 43-4099] "D:/FPGA/The-World-Fastest-CNN-Using-FPGA/PE/PE.srcs/sources_1/new/pe_array_with_bram.v" Line 12. Module pe_array_with_bram doesn't have a timescale but at least one module in design has a timescale.
WARNING: [XSIM 43-4099] "D:/FPGA/The-World-Fastest-CNN-Using-FPGA/PE/PE.srcs/sources_1/new/pe_array.v" Line 12. Module pe_array_default doesn't have a timescale but at least one module in design has a timescale.
WARNING: [XSIM 43-4099] "D:/FPGA/The-World-Fastest-CNN-Using-FPGA/PE/PE.srcs/sources_1/imports/PE/pe.v" Line 8. Module pe doesn't have a timescale but at least one module in design has a timescale.
WARNING: [XSIM 43-4099] "D:/FPGA/The-World-Fastest-CNN-Using-FPGA/PE/PE.srcs/sources_1/imports/PE/pe.v" Line 8. Module pe doesn't have a timescale but at least one module in design has a timescale.
WARNING: [XSIM 43-4099] "D:/FPGA/The-World-Fastest-CNN-Using-FPGA/PE/PE.srcs/sources_1/imports/PE/pe.v" Line 8. Module pe doesn't have a timescale but at least one module in design has a timescale.
WARNING: [XSIM 43-4099] "D:/FPGA/The-World-Fastest-CNN-Using-FPGA/PE/PE.srcs/sources_1/imports/PE/pe.v" Line 8. Module pe doesn't have a timescale but at least one module in design has a timescale.
WARNING: [XSIM 43-4099] "D:/FPGA/The-World-Fastest-CNN-Using-FPGA/PE/PE.srcs/sources_1/imports/PE/pe.v" Line 8. Module pe doesn't have a timescale but at least one module in design has a timescale.
WARNING: [XSIM 43-4099] "D:/FPGA/The-World-Fastest-CNN-Using-FPGA/PE/PE.srcs/sources_1/imports/PE/pe.v" Line 8. Module pe doesn't have a timescale but at least one module in design has a timescale.
WARNING: [XSIM 43-4099] "D:/FPGA/The-World-Fastest-CNN-Using-FPGA/PE/PE.srcs/sources_1/imports/PE/pe.v" Line 8. Module pe doesn't have a timescale but at least one module in design has a timescale.
WARNING: [XSIM 43-4099] "D:/FPGA/The-World-Fastest-CNN-Using-FPGA/PE/PE.srcs/sources_1/imports/PE/pe.v" Line 8. Module pe doesn't have a timescale but at least one module in design has a timescale.
WARNING: [XSIM 43-4099] "D:/FPGA/The-World-Fastest-CNN-Using-FPGA/PE/PE.srcs/sources_1/imports/PE/pe.v" Line 8. Module pe doesn't have a timescale but at least one module in design has a timescale.
WARNING: [XSIM 43-4099] "D:/FPGA/The-World-Fastest-CNN-Using-FPGA/PE/PE.srcs/sources_1/imports/PE/pe.v" Line 8. Module pe doesn't have a timescale but at least one module in design has a timescale.
WARNING: [XSIM 43-4099] "D:/FPGA/The-World-Fastest-CNN-Using-FPGA/PE/PE.srcs/sources_1/imports/PE/pe.v" Line 8. Module pe doesn't have a timescale but at least one module in design has a timescale.
WARNING: [XSIM 43-4099] "D:/FPGA/The-World-Fastest-CNN-Using-FPGA/PE/PE.srcs/sources_1/imports/PE/pe.v" Line 8. Module pe doesn't have a timescale but at least one module in design has a timescale.
WARNING: [XSIM 43-4099] "D:/FPGA/The-World-Fastest-CNN-Using-FPGA/PE/PE.srcs/sources_1/imports/PE/pe.v" Line 8. Module pe doesn't have a timescale but at least one module in design has a timescale.
WARNING: [XSIM 43-4099] "D:/FPGA/The-World-Fastest-CNN-Using-FPGA/PE/PE.srcs/sources_1/imports/PE/pe.v" Line 8. Module pe doesn't have a timescale but at least one module in design has a timescale.
WARNING: [XSIM 43-4099] "D:/FPGA/The-World-Fastest-CNN-Using-FPGA/PE/PE.srcs/sources_1/imports/PE/pe.v" Line 8. Module pe doesn't have a timescale but at least one module in design has a timescale.
WARNING: [XSIM 43-4099] "D:/FPGA/The-World-Fastest-CNN-Using-FPGA/PE/PE.srcs/sources_1/imports/PE/pe.v" Line 8. Module pe doesn't have a timescale but at least one module in design has a timescale.
WARNING: [XSIM 43-4099] "D:/FPGA/The-World-Fastest-CNN-Using-FPGA/PE/PE.srcs/sources_1/imports/PE/pe.v" Line 8. Module pe doesn't have a timescale but at least one module in design has a timescale.
WARNING: [XSIM 43-4099] "D:/FPGA/The-World-Fastest-CNN-Using-FPGA/PE/PE.srcs/sources_1/imports/PE/pe.v" Line 8. Module pe doesn't have a timescale but at least one module in design has a timescale.
WARNING: [XSIM 43-4099] "D:/FPGA/The-World-Fastest-CNN-Using-FPGA/PE/PE.srcs/sources_1/imports/PE/pe.v" Line 8. Module pe doesn't have a timescale but at least one module in design has a timescale.
WARNING: [XSIM 43-4099] "D:/FPGA/The-World-Fastest-CNN-Using-FPGA/PE/PE.srcs/sources_1/imports/PE/pe.v" Line 8. Module pe doesn't have a timescale but at least one module in design has a timescale.
WARNING: [XSIM 43-4099] "D:/FPGA/The-World-Fastest-CNN-Using-FPGA/PE/PE.srcs/sources_1/imports/PE/pe.v" Line 8. Module pe doesn't have a timescale but at least one module in design has a timescale.
WARNING: [XSIM 43-4099] "D:/FPGA/The-World-Fastest-CNN-Using-FPGA/PE/PE.srcs/sources_1/imports/PE/pe.v" Line 8. Module pe doesn't have a timescale but at least one module in design has a timescale.
WARNING: [XSIM 43-4099] "D:/FPGA/The-World-Fastest-CNN-Using-FPGA/PE/PE.srcs/sources_1/imports/PE/pe.v" Line 8. Module pe doesn't have a timescale but at least one module in design has a timescale.
WARNING: [XSIM 43-4099] "D:/FPGA/The-World-Fastest-CNN-Using-FPGA/PE/PE.srcs/sources_1/imports/PE/pe.v" Line 8. Module pe doesn't have a timescale but at least one module in design has a timescale.
WARNING: [XSIM 43-4099] "D:/FPGA/The-World-Fastest-CNN-Using-FPGA/PE/PE.srcs/sources_1/imports/PE/pe.v" Line 8. Module pe doesn't have a timescale but at least one module in design has a timescale.
WARNING: [XSIM 43-4099] "D:/FPGA/The-World-Fastest-CNN-Using-FPGA/PE/PE.srcs/sources_1/imports/PE/pe.v" Line 8. Module pe doesn't have a timescale but at least one module in design has a timescale.
WARNING: [XSIM 43-4099] "D:/FPGA/The-World-Fastest-CNN-Using-FPGA/PE/PE.srcs/sources_1/imports/PE/pe.v" Line 8. Module pe doesn't have a timescale but at least one module in design has a timescale.
WARNING: [XSIM 43-4099] "D:/FPGA/The-World-Fastest-CNN-Using-FPGA/PE/PE.srcs/sources_1/imports/PE/pe.v" Line 8. Module pe doesn't have a timescale but at least one module in design has a timescale.
WARNING: [XSIM 43-4099] "D:/FPGA/The-World-Fastest-CNN-Using-FPGA/PE/PE.srcs/sources_1/imports/PE/pe.v" Line 8. Module pe doesn't have a timescale but at least one module in design has a timescale.
WARNING: [XSIM 43-4099] "D:/FPGA/The-World-Fastest-CNN-Using-FPGA/PE/PE.srcs/sources_1/imports/PE/pe.v" Line 8. Module pe doesn't have a timescale but at least one module in design has a timescale.
WARNING: [XSIM 43-4099] "D:/FPGA/The-World-Fastest-CNN-Using-FPGA/PE/PE.srcs/sources_1/imports/PE/pe.v" Line 8. Module pe doesn't have a timescale but at least one module in design has a timescale.
WARNING: [XSIM 43-4099] "D:/FPGA/The-World-Fastest-CNN-Using-FPGA/PE/PE.srcs/sources_1/imports/PE/pe.v" Line 8. Module pe doesn't have a timescale but at least one module in design has a timescale.
WARNING: [XSIM 43-4099] "D:/FPGA/The-World-Fastest-CNN-Using-FPGA/PE/PE.srcs/sources_1/imports/PE/pe.v" Line 8. Module pe doesn't have a timescale but at least one module in design has a timescale.
WARNING: [XSIM 43-4099] "D:/FPGA/The-World-Fastest-CNN-Using-FPGA/PE/PE.srcs/sources_1/imports/PE/pe.v" Line 8. Module pe doesn't have a timescale but at least one module in design has a timescale.
WARNING: [XSIM 43-4099] "D:/FPGA/The-World-Fastest-CNN-Using-FPGA/PE/PE.srcs/sources_1/imports/PE/pe.v" Line 8. Module pe doesn't have a timescale but at least one module in design has a timescale.
WARNING: [XSIM 43-4099] "D:/FPGA/The-World-Fastest-CNN-Using-FPGA/PE/PE.srcs/sources_1/imports/PE/pe.v" Line 8. Module pe doesn't have a timescale but at least one module in design has a timescale.
WARNING: [XSIM 43-4099] "D:/FPGA/The-World-Fastest-CNN-Using-FPGA/PE/PE.srcs/sources_1/imports/PE/pe.v" Line 8. Module pe doesn't have a timescale but at least one module in design has a timescale.
WARNING: [XSIM 43-4099] "D:/FPGA/The-World-Fastest-CNN-Using-FPGA/PE/PE.srcs/sources_1/imports/PE/pe.v" Line 8. Module pe doesn't have a timescale but at least one module in design has a timescale.
WARNING: [XSIM 43-4099] "D:/FPGA/The-World-Fastest-CNN-Using-FPGA/PE/PE.srcs/sources_1/imports/PE/pe.v" Line 8. Module pe doesn't have a timescale but at least one module in design has a timescale.
WARNING: [XSIM 43-4099] "D:/FPGA/The-World-Fastest-CNN-Using-FPGA/PE/PE.srcs/sources_1/imports/PE/pe.v" Line 8. Module pe doesn't have a timescale but at least one module in design has a timescale.
WARNING: [XSIM 43-4099] "D:/FPGA/The-World-Fastest-CNN-Using-FPGA/PE/PE.srcs/sources_1/imports/PE/pe.v" Line 8. Module pe doesn't have a timescale but at least one module in design has a timescale.
WARNING: [XSIM 43-4099] "D:/FPGA/The-World-Fastest-CNN-Using-FPGA/PE/PE.srcs/sources_1/imports/PE/pe.v" Line 8. Module pe doesn't have a timescale but at least one module in design has a timescale.
WARNING: [XSIM 43-4099] "D:/FPGA/The-World-Fastest-CNN-Using-FPGA/PE/PE.srcs/sources_1/imports/PE/pe.v" Line 8. Module pe doesn't have a timescale but at least one module in design has a timescale.
WARNING: [XSIM 43-4099] "D:/FPGA/The-World-Fastest-CNN-Using-FPGA/PE/PE.srcs/sources_1/imports/PE/pe.v" Line 8. Module pe doesn't have a timescale but at least one module in design has a timescale.
WARNING: [XSIM 43-4099] "D:/FPGA/The-World-Fastest-CNN-Using-FPGA/PE/PE.srcs/sources_1/imports/PE/pe.v" Line 8. Module pe doesn't have a timescale but at least one module in design has a timescale.
WARNING: [XSIM 43-4099] "D:/FPGA/The-World-Fastest-CNN-Using-FPGA/PE/PE.srcs/sources_1/imports/PE/pe.v" Line 8. Module pe doesn't have a timescale but at least one module in design has a timescale.
WARNING: [XSIM 43-4099] "D:/FPGA/The-World-Fastest-CNN-Using-FPGA/PE/PE.srcs/sources_1/imports/PE/pe.v" Line 8. Module pe doesn't have a timescale but at least one module in design has a timescale.
WARNING: [XSIM 43-4099] "D:/FPGA/The-World-Fastest-CNN-Using-FPGA/PE/PE.srcs/sources_1/imports/PE/pe.v" Line 8. Module pe doesn't have a timescale but at least one module in design has a timescale.
WARNING: [XSIM 43-4099] "D:/FPGA/The-World-Fastest-CNN-Using-FPGA/PE/PE.srcs/sources_1/imports/PE/pe.v" Line 8. Module pe doesn't have a timescale but at least one module in design has a timescale.
WARNING: [XSIM 43-4099] "D:/FPGA/The-World-Fastest-CNN-Using-FPGA/PE/PE.srcs/sources_1/imports/PE/pe.v" Line 8. Module pe doesn't have a timescale but at least one module in design has a timescale.
WARNING: [XSIM 43-4099] "D:/FPGA/The-World-Fastest-CNN-Using-FPGA/PE/PE.srcs/sources_1/imports/PE/pe.v" Line 8. Module pe doesn't have a timescale but at least one module in design has a timescale.
WARNING: [XSIM 43-4099] "D:/FPGA/The-World-Fastest-CNN-Using-FPGA/PE/PE.srcs/sources_1/imports/PE/pe.v" Line 8. Module pe doesn't have a timescale but at least one module in design has a timescale.
WARNING: [XSIM 43-4099] "D:/FPGA/The-World-Fastest-CNN-Using-FPGA/PE/PE.srcs/sources_1/imports/PE/pe.v" Line 8. Module pe doesn't have a timescale but at least one module in design has a timescale.
WARNING: [XSIM 43-4099] "D:/FPGA/The-World-Fastest-CNN-Using-FPGA/PE/PE.srcs/sources_1/imports/PE/pe.v" Line 8. Module pe doesn't have a timescale but at least one module in design has a timescale.
WARNING: [XSIM 43-4099] "D:/FPGA/The-World-Fastest-CNN-Using-FPGA/PE/PE.srcs/sources_1/imports/PE/pe.v" Line 8. Module pe doesn't have a timescale but at least one module in design has a timescale.
WARNING: [XSIM 43-4099] "D:/FPGA/The-World-Fastest-CNN-Using-FPGA/PE/PE.srcs/sources_1/imports/PE/pe.v" Line 8. Module pe doesn't have a timescale but at least one module in design has a timescale.
WARNING: [XSIM 43-4099] "D:/FPGA/The-World-Fastest-CNN-Using-FPGA/PE/PE.srcs/sources_1/imports/PE/pe.v" Line 8. Module pe doesn't have a timescale but at least one module in design has a timescale.
WARNING: [XSIM 43-4099] "D:/FPGA/The-World-Fastest-CNN-Using-FPGA/PE/PE.srcs/sources_1/imports/PE/pe.v" Line 8. Module pe doesn't have a timescale but at least one module in design has a timescale.
WARNING: [XSIM 43-4099] "D:/FPGA/The-World-Fastest-CNN-Using-FPGA/PE/PE.srcs/sources_1/imports/PE/pe.v" Line 8. Module pe doesn't have a timescale but at least one module in design has a timescale.
WARNING: [XSIM 43-4099] "D:/FPGA/The-World-Fastest-CNN-Using-FPGA/PE/PE.srcs/sources_1/imports/PE/pe.v" Line 8. Module pe doesn't have a timescale but at least one module in design has a timescale.
WARNING: [XSIM 43-4099] "D:/FPGA/The-World-Fastest-CNN-Using-FPGA/PE/PE.srcs/sources_1/imports/PE/pe.v" Line 8. Module pe doesn't have a timescale but at least one module in design has a timescale.
WARNING: [XSIM 43-4099] "D:/FPGA/The-World-Fastest-CNN-Using-FPGA/PE/PE.srcs/sources_1/imports/PE/pe.v" Line 8. Module pe doesn't have a timescale but at least one module in design has a timescale.
WARNING: [XSIM 43-4099] "D:/FPGA/The-World-Fastest-CNN-Using-FPGA/PE/PE.srcs/sources_1/imports/PE/pe.v" Line 8. Module pe doesn't have a timescale but at least one module in design has a timescale.
WARNING: [XSIM 43-4099] "D:/FPGA/The-World-Fastest-CNN-Using-FPGA/PE/PE.srcs/sources_1/imports/PE/pe.v" Line 8. Module pe doesn't have a timescale but at least one module in design has a timescale.
Completed simulation data flow analysis
Time Resolution for simulation is 1ps
Compiling module xil_defaultlib.pe
Compiling module xil_defaultlib.pe_array_default
Compiling module xil_defaultlib.pe_array_with_bram
Compiling module xil_defaultlib.tb_pe_array_os
Compiling module xil_defaultlib.glbl
Built simulation snapshot tb_pe_array_os_behav
