
*** Running vivado
    with args -log tb_pe_array_os.vds -m64 -product Vivado -mode batch -messageDb vivado.pb -notrace -source tb_pe_array_os.tcl


****** Vivado v2017.4 (64-bit)
  **** SW Build 2086221 on Fri Dec 15 20:55:39 MST 2017
  **** IP Build 2085800 on Fri Dec 15 22:25:07 MST 2017
    ** Copyright 1986-2017 Xilinx, Inc. All Rights Reserved.

source tb_pe_array_os.tcl -notrace
Command: synth_design -top tb_pe_array_os -part xc7z035ffg676-2
Starting synth_design
Attempting to get a license for feature 'Synthesis' and/or device 'xc7z035'
INFO: [Common 17-349] Got license for feature 'Synthesis' and/or device 'xc7z035'
INFO: Launching helper process for spawning children vivado processes
INFO: Helper process launched with PID 13524 
---------------------------------------------------------------------------------
Starting Synthesize : Time (s): cpu = 00:00:02 ; elapsed = 00:00:02 . Memory (MB): peak = 389.660 ; gain = 99.520
---------------------------------------------------------------------------------
INFO: [Synth 8-638] synthesizing module 'tb_pe_array_os' [D:/TH/2026au/FPGA/The-World-Fastest-CNN-Using-FPGA/PE/PE.srcs/sources_1/new/tb_pe_array_os.v:3]
	Parameter TILE_C bound to: 8 - type: integer 
	Parameter TILE_W bound to: 8 - type: integer 
	Parameter K bound to: 3 - type: integer 
	Parameter DATA_W bound to: 8 - type: integer 
	Parameter WGT_W bound to: 8 - type: integer 
	Parameter PSUM_W bound to: 32 - type: integer 
	Parameter IN_H bound to: 3 - type: integer 
	Parameter IN_W bound to: 10 - type: integer 
WARNING: [Synth 8-85] always block has no event control specified [D:/TH/2026au/FPGA/The-World-Fastest-CNN-Using-FPGA/PE/PE.srcs/sources_1/new/tb_pe_array_os.v:23]
INFO: [Synth 8-638] synthesizing module 'pe_array_with_bram' [D:/TH/2026au/FPGA/The-World-Fastest-CNN-Using-FPGA/PE/PE.srcs/sources_1/new/pe_array_with_bram.v:12]
	Parameter TILE_C bound to: 8 - type: integer 
	Parameter TILE_W bound to: 8 - type: integer 
	Parameter DATA_W bound to: 8 - type: integer 
	Parameter WGT_W bound to: 8 - type: integer 
	Parameter PSUM_W bound to: 32 - type: integer 
INFO: [Synth 8-638] synthesizing module 'pe_array' [D:/TH/2026au/FPGA/The-World-Fastest-CNN-Using-FPGA/PE/PE.srcs/sources_1/new/pe_array.v:12]
	Parameter TILE_C bound to: 8 - type: integer 
	Parameter TILE_W bound to: 8 - type: integer 
	Parameter DATA_W bound to: 8 - type: integer 
	Parameter WGT_W bound to: 8 - type: integer 
	Parameter PSUM_W bound to: 32 - type: integer 
INFO: [Synth 8-638] synthesizing module 'pe' [D:/TH/2026au/FPGA/The-World-Fastest-CNN-Using-FPGA/PE/PE.srcs/sources_1/imports/PE/pe.v:8]
	Parameter DATA_W bound to: 8 - type: integer 
	Parameter WGT_W bound to: 8 - type: integer 
	Parameter PSUM_W bound to: 32 - type: integer 
INFO: [Synth 8-256] done synthesizing module 'pe' (1#1) [D:/TH/2026au/FPGA/The-World-Fastest-CNN-Using-FPGA/PE/PE.srcs/sources_1/imports/PE/pe.v:8]
INFO: [Synth 8-256] done synthesizing module 'pe_array' (2#1) [D:/TH/2026au/FPGA/The-World-Fastest-CNN-Using-FPGA/PE/PE.srcs/sources_1/new/pe_array.v:12]
WARNING: [Synth 8-6014] Unused sequential element act_vec_r_reg was removed.  [D:/TH/2026au/FPGA/The-World-Fastest-CNN-Using-FPGA/PE/PE.srcs/sources_1/new/pe_array_with_bram.v:42]
WARNING: [Synth 8-6014] Unused sequential element wgt_vec_r_reg was removed.  [D:/TH/2026au/FPGA/The-World-Fastest-CNN-Using-FPGA/PE/PE.srcs/sources_1/new/pe_array_with_bram.v:43]
WARNING: [Synth 8-6014] Unused sequential element valid_in_r_reg was removed.  [D:/TH/2026au/FPGA/The-World-Fastest-CNN-Using-FPGA/PE/PE.srcs/sources_1/new/pe_array_with_bram.v:44]
WARNING: [Synth 8-6014] Unused sequential element clear_psum_r_reg was removed.  [D:/TH/2026au/FPGA/The-World-Fastest-CNN-Using-FPGA/PE/PE.srcs/sources_1/new/pe_array_with_bram.v:45]
INFO: [Synth 8-256] done synthesizing module 'pe_array_with_bram' (3#1) [D:/TH/2026au/FPGA/The-World-Fastest-CNN-Using-FPGA/PE/PE.srcs/sources_1/new/pe_array_with_bram.v:12]
INFO: [Synth 8-256] done synthesizing module 'tb_pe_array_os' (4#1) [D:/TH/2026au/FPGA/The-World-Fastest-CNN-Using-FPGA/PE/PE.srcs/sources_1/new/tb_pe_array_os.v:3]
---------------------------------------------------------------------------------
Finished Synthesize : Time (s): cpu = 00:00:02 ; elapsed = 00:00:03 . Memory (MB): peak = 441.840 ; gain = 151.699
---------------------------------------------------------------------------------
---------------------------------------------------------------------------------
Finished Constraint Validation : Time (s): cpu = 00:00:02 ; elapsed = 00:00:03 . Memory (MB): peak = 441.840 ; gain = 151.699
---------------------------------------------------------------------------------
---------------------------------------------------------------------------------
Start Loading Part and Timing Information
---------------------------------------------------------------------------------
Loading part: xc7z035ffg676-2
---------------------------------------------------------------------------------
Finished Loading Part and Timing Information : Time (s): cpu = 00:00:02 ; elapsed = 00:00:03 . Memory (MB): peak = 441.840 ; gain = 151.699
---------------------------------------------------------------------------------
INFO: [Device 21-403] Loading part xc7z035ffg676-2
---------------------------------------------------------------------------------
Finished RTL Optimization Phase 2 : Time (s): cpu = 00:00:02 ; elapsed = 00:00:03 . Memory (MB): peak = 441.840 ; gain = 151.699
---------------------------------------------------------------------------------

Report RTL Partitions: 
+-+--------------+------------+----------+
| |RTL Partition |Replication |Instances |
+-+--------------+------------+----------+
+-+--------------+------------+----------+
No constraint files found.
---------------------------------------------------------------------------------
Start RTL Component Statistics 
---------------------------------------------------------------------------------
Detailed RTL Component Info : 
+---Registers : 
	               32 Bit    Registers := 64    
---------------------------------------------------------------------------------
Finished RTL Component Statistics 
---------------------------------------------------------------------------------
---------------------------------------------------------------------------------
Start RTL Hierarchical Component Statistics 
---------------------------------------------------------------------------------
Hierarchical RTL Component report 
Module pe 
Detailed RTL Component Info : 
+---Registers : 
	               32 Bit    Registers := 1     
---------------------------------------------------------------------------------
Finished RTL Hierarchical Component Statistics
---------------------------------------------------------------------------------
---------------------------------------------------------------------------------
Start Part Resource Summary
---------------------------------------------------------------------------------
Part Resources:
DSPs: 900 (col length:140)
BRAMs: 1000 (col length: RAMB18 140 RAMB36 70)
---------------------------------------------------------------------------------
Finished Part Resource Summary
---------------------------------------------------------------------------------
No constraint files found.
---------------------------------------------------------------------------------
Start Cross Boundary and Area Optimization
---------------------------------------------------------------------------------
WARNING: [Synth 8-6014] Unused sequential element dut/u_array/ROW[0].COL[0].u_pe/psum_out_reg was removed.  [D:/TH/2026au/FPGA/The-World-Fastest-CNN-Using-FPGA/PE/PE.srcs/sources_1/imports/PE/pe.v:27]
WARNING: [Synth 8-6014] Unused sequential element dut/u_array/ROW[0].COL[1].u_pe/psum_out_reg was removed.  [D:/TH/2026au/FPGA/The-World-Fastest-CNN-Using-FPGA/PE/PE.srcs/sources_1/imports/PE/pe.v:27]
WARNING: [Synth 8-6014] Unused sequential element dut/u_array/ROW[0].COL[2].u_pe/psum_out_reg was removed.  [D:/TH/2026au/FPGA/The-World-Fastest-CNN-Using-FPGA/PE/PE.srcs/sources_1/imports/PE/pe.v:27]
WARNING: [Synth 8-6014] Unused sequential element dut/u_array/ROW[0].COL[3].u_pe/psum_out_reg was removed.  [D:/TH/2026au/FPGA/The-World-Fastest-CNN-Using-FPGA/PE/PE.srcs/sources_1/imports/PE/pe.v:27]
WARNING: [Synth 8-6014] Unused sequential element dut/u_array/ROW[0].COL[4].u_pe/psum_out_reg was removed.  [D:/TH/2026au/FPGA/The-World-Fastest-CNN-Using-FPGA/PE/PE.srcs/sources_1/imports/PE/pe.v:27]
WARNING: [Synth 8-6014] Unused sequential element dut/u_array/ROW[0].COL[5].u_pe/psum_out_reg was removed.  [D:/TH/2026au/FPGA/The-World-Fastest-CNN-Using-FPGA/PE/PE.srcs/sources_1/imports/PE/pe.v:27]
WARNING: [Synth 8-6014] Unused sequential element dut/u_array/ROW[0].COL[6].u_pe/psum_out_reg was removed.  [D:/TH/2026au/FPGA/The-World-Fastest-CNN-Using-FPGA/PE/PE.srcs/sources_1/imports/PE/pe.v:27]
WARNING: [Synth 8-6014] Unused sequential element dut/u_array/ROW[0].COL[7].u_pe/psum_out_reg was removed.  [D:/TH/2026au/FPGA/The-World-Fastest-CNN-Using-FPGA/PE/PE.srcs/sources_1/imports/PE/pe.v:27]
WARNING: [Synth 8-6014] Unused sequential element dut/u_array/ROW[1].COL[0].u_pe/psum_out_reg was removed.  [D:/TH/2026au/FPGA/The-World-Fastest-CNN-Using-FPGA/PE/PE.srcs/sources_1/imports/PE/pe.v:27]
WARNING: [Synth 8-6014] Unused sequential element dut/u_array/ROW[1].COL[1].u_pe/psum_out_reg was removed.  [D:/TH/2026au/FPGA/The-World-Fastest-CNN-Using-FPGA/PE/PE.srcs/sources_1/imports/PE/pe.v:27]
WARNING: [Synth 8-6014] Unused sequential element dut/u_array/ROW[1].COL[2].u_pe/psum_out_reg was removed.  [D:/TH/2026au/FPGA/The-World-Fastest-CNN-Using-FPGA/PE/PE.srcs/sources_1/imports/PE/pe.v:27]
WARNING: [Synth 8-6014] Unused sequential element dut/u_array/ROW[1].COL[3].u_pe/psum_out_reg was removed.  [D:/TH/2026au/FPGA/The-World-Fastest-CNN-Using-FPGA/PE/PE.srcs/sources_1/imports/PE/pe.v:27]
WARNING: [Synth 8-6014] Unused sequential element dut/u_array/ROW[1].COL[4].u_pe/psum_out_reg was removed.  [D:/TH/2026au/FPGA/The-World-Fastest-CNN-Using-FPGA/PE/PE.srcs/sources_1/imports/PE/pe.v:27]
WARNING: [Synth 8-6014] Unused sequential element dut/u_array/ROW[1].COL[5].u_pe/psum_out_reg was removed.  [D:/TH/2026au/FPGA/The-World-Fastest-CNN-Using-FPGA/PE/PE.srcs/sources_1/imports/PE/pe.v:27]
WARNING: [Synth 8-6014] Unused sequential element dut/u_array/ROW[1].COL[6].u_pe/psum_out_reg was removed.  [D:/TH/2026au/FPGA/The-World-Fastest-CNN-Using-FPGA/PE/PE.srcs/sources_1/imports/PE/pe.v:27]
WARNING: [Synth 8-6014] Unused sequential element dut/u_array/ROW[1].COL[7].u_pe/psum_out_reg was removed.  [D:/TH/2026au/FPGA/The-World-Fastest-CNN-Using-FPGA/PE/PE.srcs/sources_1/imports/PE/pe.v:27]
WARNING: [Synth 8-6014] Unused sequential element dut/u_array/ROW[2].COL[0].u_pe/psum_out_reg was removed.  [D:/TH/2026au/FPGA/The-World-Fastest-CNN-Using-FPGA/PE/PE.srcs/sources_1/imports/PE/pe.v:27]
WARNING: [Synth 8-6014] Unused sequential element dut/u_array/ROW[2].COL[1].u_pe/psum_out_reg was removed.  [D:/TH/2026au/FPGA/The-World-Fastest-CNN-Using-FPGA/PE/PE.srcs/sources_1/imports/PE/pe.v:27]
WARNING: [Synth 8-6014] Unused sequential element dut/u_array/ROW[2].COL[2].u_pe/psum_out_reg was removed.  [D:/TH/2026au/FPGA/The-World-Fastest-CNN-Using-FPGA/PE/PE.srcs/sources_1/imports/PE/pe.v:27]
WARNING: [Synth 8-6014] Unused sequential element dut/u_array/ROW[2].COL[3].u_pe/psum_out_reg was removed.  [D:/TH/2026au/FPGA/The-World-Fastest-CNN-Using-FPGA/PE/PE.srcs/sources_1/imports/PE/pe.v:27]
WARNING: [Synth 8-6014] Unused sequential element dut/u_array/ROW[2].COL[4].u_pe/psum_out_reg was removed.  [D:/TH/2026au/FPGA/The-World-Fastest-CNN-Using-FPGA/PE/PE.srcs/sources_1/imports/PE/pe.v:27]
WARNING: [Synth 8-6014] Unused sequential element dut/u_array/ROW[2].COL[5].u_pe/psum_out_reg was removed.  [D:/TH/2026au/FPGA/The-World-Fastest-CNN-Using-FPGA/PE/PE.srcs/sources_1/imports/PE/pe.v:27]
WARNING: [Synth 8-6014] Unused sequential element dut/u_array/ROW[2].COL[6].u_pe/psum_out_reg was removed.  [D:/TH/2026au/FPGA/The-World-Fastest-CNN-Using-FPGA/PE/PE.srcs/sources_1/imports/PE/pe.v:27]
WARNING: [Synth 8-6014] Unused sequential element dut/u_array/ROW[2].COL[7].u_pe/psum_out_reg was removed.  [D:/TH/2026au/FPGA/The-World-Fastest-CNN-Using-FPGA/PE/PE.srcs/sources_1/imports/PE/pe.v:27]
WARNING: [Synth 8-6014] Unused sequential element dut/u_array/ROW[3].COL[0].u_pe/psum_out_reg was removed.  [D:/TH/2026au/FPGA/The-World-Fastest-CNN-Using-FPGA/PE/PE.srcs/sources_1/imports/PE/pe.v:27]
WARNING: [Synth 8-6014] Unused sequential element dut/u_array/ROW[3].COL[1].u_pe/psum_out_reg was removed.  [D:/TH/2026au/FPGA/The-World-Fastest-CNN-Using-FPGA/PE/PE.srcs/sources_1/imports/PE/pe.v:27]
WARNING: [Synth 8-6014] Unused sequential element dut/u_array/ROW[3].COL[2].u_pe/psum_out_reg was removed.  [D:/TH/2026au/FPGA/The-World-Fastest-CNN-Using-FPGA/PE/PE.srcs/sources_1/imports/PE/pe.v:27]
WARNING: [Synth 8-6014] Unused sequential element dut/u_array/ROW[3].COL[3].u_pe/psum_out_reg was removed.  [D:/TH/2026au/FPGA/The-World-Fastest-CNN-Using-FPGA/PE/PE.srcs/sources_1/imports/PE/pe.v:27]
WARNING: [Synth 8-6014] Unused sequential element dut/u_array/ROW[3].COL[4].u_pe/psum_out_reg was removed.  [D:/TH/2026au/FPGA/The-World-Fastest-CNN-Using-FPGA/PE/PE.srcs/sources_1/imports/PE/pe.v:27]
WARNING: [Synth 8-6014] Unused sequential element dut/u_array/ROW[3].COL[5].u_pe/psum_out_reg was removed.  [D:/TH/2026au/FPGA/The-World-Fastest-CNN-Using-FPGA/PE/PE.srcs/sources_1/imports/PE/pe.v:27]
WARNING: [Synth 8-6014] Unused sequential element dut/u_array/ROW[3].COL[6].u_pe/psum_out_reg was removed.  [D:/TH/2026au/FPGA/The-World-Fastest-CNN-Using-FPGA/PE/PE.srcs/sources_1/imports/PE/pe.v:27]
WARNING: [Synth 8-6014] Unused sequential element dut/u_array/ROW[3].COL[7].u_pe/psum_out_reg was removed.  [D:/TH/2026au/FPGA/The-World-Fastest-CNN-Using-FPGA/PE/PE.srcs/sources_1/imports/PE/pe.v:27]
WARNING: [Synth 8-6014] Unused sequential element dut/u_array/ROW[4].COL[0].u_pe/psum_out_reg was removed.  [D:/TH/2026au/FPGA/The-World-Fastest-CNN-Using-FPGA/PE/PE.srcs/sources_1/imports/PE/pe.v:27]
WARNING: [Synth 8-6014] Unused sequential element dut/u_array/ROW[4].COL[1].u_pe/psum_out_reg was removed.  [D:/TH/2026au/FPGA/The-World-Fastest-CNN-Using-FPGA/PE/PE.srcs/sources_1/imports/PE/pe.v:27]
WARNING: [Synth 8-6014] Unused sequential element dut/u_array/ROW[4].COL[2].u_pe/psum_out_reg was removed.  [D:/TH/2026au/FPGA/The-World-Fastest-CNN-Using-FPGA/PE/PE.srcs/sources_1/imports/PE/pe.v:27]
WARNING: [Synth 8-6014] Unused sequential element dut/u_array/ROW[4].COL[3].u_pe/psum_out_reg was removed.  [D:/TH/2026au/FPGA/The-World-Fastest-CNN-Using-FPGA/PE/PE.srcs/sources_1/imports/PE/pe.v:27]
WARNING: [Synth 8-6014] Unused sequential element dut/u_array/ROW[4].COL[4].u_pe/psum_out_reg was removed.  [D:/TH/2026au/FPGA/The-World-Fastest-CNN-Using-FPGA/PE/PE.srcs/sources_1/imports/PE/pe.v:27]
WARNING: [Synth 8-6014] Unused sequential element dut/u_array/ROW[4].COL[5].u_pe/psum_out_reg was removed.  [D:/TH/2026au/FPGA/The-World-Fastest-CNN-Using-FPGA/PE/PE.srcs/sources_1/imports/PE/pe.v:27]
WARNING: [Synth 8-6014] Unused sequential element dut/u_array/ROW[4].COL[6].u_pe/psum_out_reg was removed.  [D:/TH/2026au/FPGA/The-World-Fastest-CNN-Using-FPGA/PE/PE.srcs/sources_1/imports/PE/pe.v:27]
WARNING: [Synth 8-6014] Unused sequential element dut/u_array/ROW[4].COL[7].u_pe/psum_out_reg was removed.  [D:/TH/2026au/FPGA/The-World-Fastest-CNN-Using-FPGA/PE/PE.srcs/sources_1/imports/PE/pe.v:27]
WARNING: [Synth 8-6014] Unused sequential element dut/u_array/ROW[5].COL[0].u_pe/psum_out_reg was removed.  [D:/TH/2026au/FPGA/The-World-Fastest-CNN-Using-FPGA/PE/PE.srcs/sources_1/imports/PE/pe.v:27]
WARNING: [Synth 8-6014] Unused sequential element dut/u_array/ROW[5].COL[1].u_pe/psum_out_reg was removed.  [D:/TH/2026au/FPGA/The-World-Fastest-CNN-Using-FPGA/PE/PE.srcs/sources_1/imports/PE/pe.v:27]
WARNING: [Synth 8-6014] Unused sequential element dut/u_array/ROW[5].COL[2].u_pe/psum_out_reg was removed.  [D:/TH/2026au/FPGA/The-World-Fastest-CNN-Using-FPGA/PE/PE.srcs/sources_1/imports/PE/pe.v:27]
WARNING: [Synth 8-6014] Unused sequential element dut/u_array/ROW[5].COL[3].u_pe/psum_out_reg was removed.  [D:/TH/2026au/FPGA/The-World-Fastest-CNN-Using-FPGA/PE/PE.srcs/sources_1/imports/PE/pe.v:27]
WARNING: [Synth 8-6014] Unused sequential element dut/u_array/ROW[5].COL[4].u_pe/psum_out_reg was removed.  [D:/TH/2026au/FPGA/The-World-Fastest-CNN-Using-FPGA/PE/PE.srcs/sources_1/imports/PE/pe.v:27]
WARNING: [Synth 8-6014] Unused sequential element dut/u_array/ROW[5].COL[5].u_pe/psum_out_reg was removed.  [D:/TH/2026au/FPGA/The-World-Fastest-CNN-Using-FPGA/PE/PE.srcs/sources_1/imports/PE/pe.v:27]
WARNING: [Synth 8-6014] Unused sequential element dut/u_array/ROW[5].COL[6].u_pe/psum_out_reg was removed.  [D:/TH/2026au/FPGA/The-World-Fastest-CNN-Using-FPGA/PE/PE.srcs/sources_1/imports/PE/pe.v:27]
WARNING: [Synth 8-6014] Unused sequential element dut/u_array/ROW[5].COL[7].u_pe/psum_out_reg was removed.  [D:/TH/2026au/FPGA/The-World-Fastest-CNN-Using-FPGA/PE/PE.srcs/sources_1/imports/PE/pe.v:27]
WARNING: [Synth 8-6014] Unused sequential element dut/u_array/ROW[6].COL[0].u_pe/psum_out_reg was removed.  [D:/TH/2026au/FPGA/The-World-Fastest-CNN-Using-FPGA/PE/PE.srcs/sources_1/imports/PE/pe.v:27]
WARNING: [Synth 8-6014] Unused sequential element dut/u_array/ROW[6].COL[1].u_pe/psum_out_reg was removed.  [D:/TH/2026au/FPGA/The-World-Fastest-CNN-Using-FPGA/PE/PE.srcs/sources_1/imports/PE/pe.v:27]
WARNING: [Synth 8-6014] Unused sequential element dut/u_array/ROW[6].COL[2].u_pe/psum_out_reg was removed.  [D:/TH/2026au/FPGA/The-World-Fastest-CNN-Using-FPGA/PE/PE.srcs/sources_1/imports/PE/pe.v:27]
WARNING: [Synth 8-6014] Unused sequential element dut/u_array/ROW[6].COL[3].u_pe/psum_out_reg was removed.  [D:/TH/2026au/FPGA/The-World-Fastest-CNN-Using-FPGA/PE/PE.srcs/sources_1/imports/PE/pe.v:27]
WARNING: [Synth 8-6014] Unused sequential element dut/u_array/ROW[6].COL[4].u_pe/psum_out_reg was removed.  [D:/TH/2026au/FPGA/The-World-Fastest-CNN-Using-FPGA/PE/PE.srcs/sources_1/imports/PE/pe.v:27]
WARNING: [Synth 8-6014] Unused sequential element dut/u_array/ROW[6].COL[5].u_pe/psum_out_reg was removed.  [D:/TH/2026au/FPGA/The-World-Fastest-CNN-Using-FPGA/PE/PE.srcs/sources_1/imports/PE/pe.v:27]
WARNING: [Synth 8-6014] Unused sequential element dut/u_array/ROW[6].COL[6].u_pe/psum_out_reg was removed.  [D:/TH/2026au/FPGA/The-World-Fastest-CNN-Using-FPGA/PE/PE.srcs/sources_1/imports/PE/pe.v:27]
WARNING: [Synth 8-6014] Unused sequential element dut/u_array/ROW[6].COL[7].u_pe/psum_out_reg was removed.  [D:/TH/2026au/FPGA/The-World-Fastest-CNN-Using-FPGA/PE/PE.srcs/sources_1/imports/PE/pe.v:27]
WARNING: [Synth 8-6014] Unused sequential element dut/u_array/ROW[7].COL[0].u_pe/psum_out_reg was removed.  [D:/TH/2026au/FPGA/The-World-Fastest-CNN-Using-FPGA/PE/PE.srcs/sources_1/imports/PE/pe.v:27]
WARNING: [Synth 8-6014] Unused sequential element dut/u_array/ROW[7].COL[1].u_pe/psum_out_reg was removed.  [D:/TH/2026au/FPGA/The-World-Fastest-CNN-Using-FPGA/PE/PE.srcs/sources_1/imports/PE/pe.v:27]
WARNING: [Synth 8-6014] Unused sequential element dut/u_array/ROW[7].COL[2].u_pe/psum_out_reg was removed.  [D:/TH/2026au/FPGA/The-World-Fastest-CNN-Using-FPGA/PE/PE.srcs/sources_1/imports/PE/pe.v:27]
WARNING: [Synth 8-6014] Unused sequential element dut/u_array/ROW[7].COL[3].u_pe/psum_out_reg was removed.  [D:/TH/2026au/FPGA/The-World-Fastest-CNN-Using-FPGA/PE/PE.srcs/sources_1/imports/PE/pe.v:27]
WARNING: [Synth 8-6014] Unused sequential element dut/u_array/ROW[7].COL[4].u_pe/psum_out_reg was removed.  [D:/TH/2026au/FPGA/The-World-Fastest-CNN-Using-FPGA/PE/PE.srcs/sources_1/imports/PE/pe.v:27]
WARNING: [Synth 8-6014] Unused sequential element dut/u_array/ROW[7].COL[5].u_pe/psum_out_reg was removed.  [D:/TH/2026au/FPGA/The-World-Fastest-CNN-Using-FPGA/PE/PE.srcs/sources_1/imports/PE/pe.v:27]
WARNING: [Synth 8-6014] Unused sequential element dut/u_array/ROW[7].COL[6].u_pe/psum_out_reg was removed.  [D:/TH/2026au/FPGA/The-World-Fastest-CNN-Using-FPGA/PE/PE.srcs/sources_1/imports/PE/pe.v:27]
WARNING: [Synth 8-6014] Unused sequential element dut/u_array/ROW[7].COL[7].u_pe/psum_out_reg was removed.  [D:/TH/2026au/FPGA/The-World-Fastest-CNN-Using-FPGA/PE/PE.srcs/sources_1/imports/PE/pe.v:27]
---------------------------------------------------------------------------------
Finished Cross Boundary and Area Optimization : Time (s): cpu = 00:00:04 ; elapsed = 00:00:05 . Memory (MB): peak = 644.961 ; gain = 354.820
---------------------------------------------------------------------------------

Report RTL Partitions: 
+-+--------------+------------+----------+
| |RTL Partition |Replication |Instances |
+-+--------------+------------+----------+
+-+--------------+------------+----------+
No constraint files found.
---------------------------------------------------------------------------------
Start Timing Optimization
---------------------------------------------------------------------------------
---------------------------------------------------------------------------------
Finished Timing Optimization : Time (s): cpu = 00:00:04 ; elapsed = 00:00:05 . Memory (MB): peak = 644.961 ; gain = 354.820
---------------------------------------------------------------------------------

Report RTL Partitions: 
+-+--------------+------------+----------+
| |RTL Partition |Replication |Instances |
+-+--------------+------------+----------+
+-+--------------+------------+----------+
---------------------------------------------------------------------------------
Start Technology Mapping
---------------------------------------------------------------------------------
---------------------------------------------------------------------------------
Finished Technology Mapping : Time (s): cpu = 00:00:04 ; elapsed = 00:00:05 . Memory (MB): peak = 654.027 ; gain = 363.887
---------------------------------------------------------------------------------

Report RTL Partitions: 
+-+--------------+------------+----------+
| |RTL Partition |Replication |Instances |
+-+--------------+------------+----------+
+-+--------------+------------+----------+
---------------------------------------------------------------------------------
Start IO Insertion
---------------------------------------------------------------------------------
---------------------------------------------------------------------------------
Start Flattening Before IO Insertion
---------------------------------------------------------------------------------
---------------------------------------------------------------------------------
Finished Flattening Before IO Insertion
---------------------------------------------------------------------------------
---------------------------------------------------------------------------------
Start Final Netlist Cleanup
---------------------------------------------------------------------------------
---------------------------------------------------------------------------------
Finished Final Netlist Cleanup
---------------------------------------------------------------------------------
---------------------------------------------------------------------------------
Finished IO Insertion : Time (s): cpu = 00:00:05 ; elapsed = 00:00:05 . Memory (MB): peak = 654.027 ; gain = 363.887
---------------------------------------------------------------------------------

Report Check Netlist: 
+------+------------------+-------+---------+-------+------------------+
|      |Item              |Errors |Warnings |Status |Description       |
+------+------------------+-------+---------+-------+------------------+
|1     |multi_driven_nets |      0|        0|Passed |Multi driven nets |
+------+------------------+-------+---------+-------+------------------+
---------------------------------------------------------------------------------
Start Renaming Generated Instances
---------------------------------------------------------------------------------
---------------------------------------------------------------------------------
Finished Renaming Generated Instances : Time (s): cpu = 00:00:05 ; elapsed = 00:00:05 . Memory (MB): peak = 654.027 ; gain = 363.887
---------------------------------------------------------------------------------

Report RTL Partitions: 
+-+--------------+------------+----------+
| |RTL Partition |Replication |Instances |
+-+--------------+------------+----------+
+-+--------------+------------+----------+
---------------------------------------------------------------------------------
Start Rebuilding User Hierarchy
---------------------------------------------------------------------------------
---------------------------------------------------------------------------------
Finished Rebuilding User Hierarchy : Time (s): cpu = 00:00:05 ; elapsed = 00:00:05 . Memory (MB): peak = 654.027 ; gain = 363.887
---------------------------------------------------------------------------------
---------------------------------------------------------------------------------
Start Renaming Generated Ports
---------------------------------------------------------------------------------
---------------------------------------------------------------------------------
Finished Renaming Generated Ports : Time (s): cpu = 00:00:05 ; elapsed = 00:00:05 . Memory (MB): peak = 654.027 ; gain = 363.887
---------------------------------------------------------------------------------
---------------------------------------------------------------------------------
Start Handling Custom Attributes
---------------------------------------------------------------------------------
---------------------------------------------------------------------------------
Finished Handling Custom Attributes : Time (s): cpu = 00:00:05 ; elapsed = 00:00:05 . Memory (MB): peak = 654.027 ; gain = 363.887
---------------------------------------------------------------------------------
---------------------------------------------------------------------------------
Start Renaming Generated Nets
---------------------------------------------------------------------------------
---------------------------------------------------------------------------------
Finished Renaming Generated Nets : Time (s): cpu = 00:00:05 ; elapsed = 00:00:05 . Memory (MB): peak = 654.027 ; gain = 363.887
---------------------------------------------------------------------------------
---------------------------------------------------------------------------------
Start Writing Synthesis Report
---------------------------------------------------------------------------------

Report BlackBoxes: 
+-+--------------+----------+
| |BlackBox name |Instances |
+-+--------------+----------+
+-+--------------+----------+

Report Cell Usage: 
+-+-----+------+
| |Cell |Count |
+-+-----+------+
+-+-----+------+

Report Instance Areas: 
+------+---------+-------+------+
|      |Instance |Module |Cells |
+------+---------+-------+------+
|1     |top      |       |     0|
+------+---------+-------+------+
---------------------------------------------------------------------------------
Finished Writing Synthesis Report : Time (s): cpu = 00:00:05 ; elapsed = 00:00:05 . Memory (MB): peak = 654.027 ; gain = 363.887
---------------------------------------------------------------------------------
Synthesis finished with 0 errors, 0 critical warnings and 69 warnings.
Synthesis Optimization Runtime : Time (s): cpu = 00:00:05 ; elapsed = 00:00:05 . Memory (MB): peak = 654.027 ; gain = 363.887
Synthesis Optimization Complete : Time (s): cpu = 00:00:05 ; elapsed = 00:00:05 . Memory (MB): peak = 654.027 ; gain = 363.887
INFO: [Project 1-571] Translating synthesized netlist
INFO: [Project 1-570] Preparing netlist for logic optimization
INFO: [Opt 31-138] Pushed 0 inverter(s) to 0 load pin(s).
INFO: [Project 1-111] Unisim Transformation Summary:
No Unisim elements were transformed.

INFO: [Common 17-83] Releasing license: Synthesis
15 Infos, 69 Warnings, 0 Critical Warnings and 0 Errors encountered.
synth_design completed successfully
synth_design: Time (s): cpu = 00:00:07 ; elapsed = 00:00:08 . Memory (MB): peak = 769.078 ; gain = 491.570
INFO: [Common 17-1381] The checkpoint 'D:/TH/2026au/FPGA/The-World-Fastest-CNN-Using-FPGA/PE/PE.runs/synth_1/tb_pe_array_os.dcp' has been generated.
INFO: [runtcl-4] Executing : report_utilization -file tb_pe_array_os_utilization_synth.rpt -pb tb_pe_array_os_utilization_synth.pb
report_utilization: Time (s): cpu = 00:00:00 ; elapsed = 00:00:00.049 . Memory (MB): peak = 769.078 ; gain = 0.000
INFO: [Common 17-206] Exiting Vivado at Mon Dec 15 16:03:46 2025...
